[2024-03-29T14:01:35.462821+00:00] main.CRITICAL: Magento\Framework\Exception\FileSystemException: The contents from the "/var/www/html/m247/pub/static/adminhtml/Magento/backend/en_US/mage/requirejs/mixins.min.js" file can't be read. Warning!file_get_contents(/var/www/html/m247/pub/static/adminhtml/Magento/backend/en_US/mage/requirejs/mixins.min.js): Failed to open stream: No such file or directory in /var/www/html/m247/vendor/magento/framework/Filesystem/Driver/File.php:187
Stack trace:
#0 /var/www/html/m247/vendor/magento/framework/Filesystem/Directory/Read.php(280): Magento\Framework\Filesystem\Driver\File->fileGetContents()
#1 /var/www/html/m247/vendor/magento/framework/View/Asset/Source.php(303): Magento\Framework\Filesystem\Directory\Read->readFile()
#2 /var/www/html/m247/vendor/magento/framework/View/Asset/Source.php(151): Magento\Framework\View\Asset\Source->createChain()
#3 /var/www/html/m247/vendor/magento/framework/View/Asset/Source.php(121): Magento\Framework\View\Asset\Source->preProcess()
#4 /var/www/html/m247/vendor/magento/framework/View/Asset/File.php(186): Magento\Framework\View\Asset\Source->getContent()
#5 /var/www/html/m247/vendor/magento/framework/View/Asset/MergeStrategy/Direct.php(81): Magento\Framework\View\Asset\File->getContent()
#6 /var/www/html/m247/vendor/magento/framework/View/Asset/MergeStrategy/Direct.php(60): Magento\Framework\View\Asset\MergeStrategy\Direct->composeMergedContent()
#7 /var/www/html/m247/vendor/magento/framework/View/Asset/MergeStrategy/FileExists.php(44): Magento\Framework\View\Asset\MergeStrategy\Direct->merge()
#8 /var/www/html/m247/vendor/magento/framework/View/Asset/Merged.php(111): Magento\Framework\View\Asset\MergeStrategy\FileExists->merge()
#9 /var/www/html/m247/vendor/magento/framework/View/Asset/Merged.php(183): Magento\Framework\View\Asset\Merged->initialize()
#10 /var/www/html/m247/vendor/magento/framework/View/Page/Config/Renderer.php(420): Magento\Framework\View\Asset\Merged->rewind()
#11 /var/www/html/m247/vendor/magento/framework/View/Page/Config/Renderer.php(297): Magento\Framework\View\Page\Config\Renderer->renderAssetHtml()
#12 /var/www/html/m247/vendor/magento/framework/View/Page/Config/Renderer.php(284): Magento\Framework\View\Page\Config\Renderer->renderAssetGroup()
#13 /var/www/html/m247/vendor/magento/framework/View/Page/Config/Renderer.php(137): Magento\Framework\View\Page\Config\Renderer->renderAssets()
#14 /var/www/html/m247/vendor/magento/framework/View/Result/Page.php(252): Magento\Framework\View\Page\Config\Renderer->renderHeadContent()
#15 /var/www/html/m247/vendor/magento/framework/View/Result/Layout.php(171): Magento\Framework\View\Result\Page->render()
#16 /var/www/html/m247/generated/code/Magento/Backend/Model/View/Result/Page/Interceptor.php(140): Magento\Framework\View\Result\Layout->renderResult()
#17 /var/www/html/m247/vendor/magento/framework/App/Http.php(120): Magento\Backend\Model\View\Result\Page\Interceptor->renderResult()
#18 /var/www/html/m247/generated/code/Magento/Framework/App/Http/Interceptor.php(23): Magento\Framework\App\Http->launch()
#19 /var/www/html/m247/vendor/magento/framework/App/Bootstrap.php(264): Magento\Framework\App\Http\Interceptor->launch()
#20 /var/www/html/m247/pub/index.php(30): Magento\Framework\App\Bootstrap->run()
#21 {main} {"exception":"[object] (Magento\\Framework\\Exception\\FileSystemException(code: 0): The contents from the \"/var/www/html/m247/pub/static/adminhtml/Magento/backend/en_US/mage/requirejs/mixins.min.js\" file can't be read. Warning!file_get_contents(/var/www/html/m247/pub/static/adminhtml/Magento/backend/en_US/mage/requirejs/mixins.min.js): Failed to open stream: No such file or directory at /var/www/html/m247/vendor/magento/framework/Filesystem/Driver/File.php:187)"} []
[2024-03-31T06:05:59.254413+00:00] main.CRITICAL: Magento\Framework\Exception\LocalizedException: The configuration file has changed. Run the "app:config:import" or the "setup:upgrade" command to synchronize the configuration. in /var/www/html/m247/vendor/magento/module-deploy/Model/Plugin/ConfigChangeDetector.php:60
Stack trace:
#0 /var/www/html/m247/vendor/magento/framework/Interception/Interceptor.php(121): Magento\Deploy\Model\Plugin\ConfigChangeDetector->beforeDispatch()
#1 /var/www/html/m247/vendor/magento/module-page-cache/Model/App/FrontController/BuiltinPlugin.php(71): Magento\Framework\App\FrontController\Interceptor->Magento\Framework\Interception\{closure}()
#2 /var/www/html/m247/vendor/magento/framework/Interception/Interceptor.php(135): Magento\PageCache\Model\App\FrontController\BuiltinPlugin->aroundDispatch()
#3 /var/www/html/m247/vendor/magento/framework/Interception/Interceptor.php(153): Magento\Framework\App\FrontController\Interceptor->Magento\Framework\Interception\{closure}()
#4 /var/www/html/m247/generated/code/Magento/Framework/App/FrontController/Interceptor.php(23): Magento\Framework\App\FrontController\Interceptor->___callPlugins()
#5 /var/www/html/m247/vendor/magento/framework/App/Http.php(116): Magento\Framework\App\FrontController\Interceptor->dispatch()
#6 /var/www/html/m247/generated/code/Magento/Framework/App/Http/Interceptor.php(23): Magento\Framework\App\Http->launch()
#7 /var/www/html/m247/vendor/magento/framework/App/Bootstrap.php(264): Magento\Framework\App\Http\Interceptor->launch()
#8 /var/www/html/m247/pub/index.php(30): Magento\Framework\App\Bootstrap->run()
#9 {main} {"report_id":"e213d6b9d74102d20ca6c25289efa749e1fdb258341498b112be38f901fbf9c1","exception":"[object] (Magento\\Framework\\Exception\\LocalizedException(code: 0): The configuration file has changed. Run the \"app:config:import\" or the \"setup:upgrade\" command to synchronize the configuration. at /var/www/html/m247/vendor/magento/module-deploy/Model/Plugin/ConfigChangeDetector.php:60)"} []
[2024-03-31T06:06:08.686023+00:00] main.CRITICAL: Magento\Framework\Exception\LocalizedException: The configuration file has changed. Run the "app:config:import" or the "setup:upgrade" command to synchronize the configuration. in /var/www/html/m247/vendor/magento/module-deploy/Model/Plugin/ConfigChangeDetector.php:60
Stack trace:
#0 /var/www/html/m247/vendor/magento/framework/Interception/Interceptor.php(121): Magento\Deploy\Model\Plugin\ConfigChangeDetector->beforeDispatch()
#1 /var/www/html/m247/vendor/magento/module-page-cache/Model/App/FrontController/BuiltinPlugin.php(71): Magento\Framework\App\FrontController\Interceptor->Magento\Framework\Interception\{closure}()
#2 /var/www/html/m247/vendor/magento/framework/Interception/Interceptor.php(135): Magento\PageCache\Model\App\FrontController\BuiltinPlugin->aroundDispatch()
#3 /var/www/html/m247/vendor/magento/framework/Interception/Interceptor.php(153): Magento\Framework\App\FrontController\Interceptor->Magento\Framework\Interception\{closure}()
#4 /var/www/html/m247/generated/code/Magento/Framework/App/FrontController/Interceptor.php(23): Magento\Framework\App\FrontController\Interceptor->___callPlugins()
#5 /var/www/html/m247/vendor/magento/framework/App/Http.php(116): Magento\Framework\App\FrontController\Interceptor->dispatch()
#6 /var/www/html/m247/generated/code/Magento/Framework/App/Http/Interceptor.php(23): Magento\Framework\App\Http->launch()
#7 /var/www/html/m247/vendor/magento/framework/App/Bootstrap.php(264): Magento\Framework\App\Http\Interceptor->launch()
#8 /var/www/html/m247/pub/index.php(30): Magento\Framework\App\Bootstrap->run()
#9 {main} {"report_id":"e213d6b9d74102d20ca6c25289efa749e1fdb258341498b112be38f901fbf9c1","exception":"[object] (Magento\\Framework\\Exception\\LocalizedException(code: 0): The configuration file has changed. Run the \"app:config:import\" or the \"setup:upgrade\" command to synchronize the configuration. at /var/www/html/m247/vendor/magento/module-deploy/Model/Plugin/ConfigChangeDetector.php:60)"} []
[2024-03-31T06:06:14.551874+00:00] main.CRITICAL: Magento\Framework\Exception\LocalizedException: The configuration file has changed. Run the "app:config:import" or the "setup:upgrade" command to synchronize the configuration. in /var/www/html/m247/vendor/magento/module-deploy/Model/Plugin/ConfigChangeDetector.php:60
Stack trace:
#0 /var/www/html/m247/vendor/magento/framework/Interception/Interceptor.php(121): Magento\Deploy\Model\Plugin\ConfigChangeDetector->beforeDispatch()
#1 /var/www/html/m247/vendor/magento/module-page-cache/Model/App/FrontController/BuiltinPlugin.php(71): Magento\Framework\App\FrontController\Interceptor->Magento\Framework\Interception\{closure}()
#2 /var/www/html/m247/vendor/magento/framework/Interception/Interceptor.php(135): Magento\PageCache\Model\App\FrontController\BuiltinPlugin->aroundDispatch()
#3 /var/www/html/m247/vendor/magento/framework/Interception/Interceptor.php(153): Magento\Framework\App\FrontController\Interceptor->Magento\Framework\Interception\{closure}()
#4 /var/www/html/m247/generated/code/Magento/Framework/App/FrontController/Interceptor.php(23): Magento\Framework\App\FrontController\Interceptor->___callPlugins()
#5 /var/www/html/m247/vendor/magento/framework/App/Http.php(116): Magento\Framework\App\FrontController\Interceptor->dispatch()
#6 /var/www/html/m247/generated/code/Magento/Framework/App/Http/Interceptor.php(23): Magento\Framework\App\Http->launch()
#7 /var/www/html/m247/vendor/magento/framework/App/Bootstrap.php(264): Magento\Framework\App\Http\Interceptor->launch()
#8 /var/www/html/m247/pub/index.php(30): Magento\Framework\App\Bootstrap->run()
#9 {main} {"report_id":"e213d6b9d74102d20ca6c25289efa749e1fdb258341498b112be38f901fbf9c1","exception":"[object] (Magento\\Framework\\Exception\\LocalizedException(code: 0): The configuration file has changed. Run the \"app:config:import\" or the \"setup:upgrade\" command to synchronize the configuration. at /var/www/html/m247/vendor/magento/module-deploy/Model/Plugin/ConfigChangeDetector.php:60)"} []
