[2024-03-29T06:17:54+00:00] test.WARNING: test [] []
[2024-03-29T13:45:19.635532+00:00] main.ERROR: Unable to resolve the source file for 'frontend/Magento/luma/en_US/moment.min.js.map' [] []
[2024-03-29T13:45:19.638176+00:00] main.CRITICAL: Unable to resolve the source file for 'frontend/Magento/luma/en_US/moment.min.js.map' [] []
[2024-03-29T13:45:33.501751+00:00] main.ERROR: Unable to resolve the source file for 'frontend/Magento/luma/en_US/moment.min.js.map' [] []
[2024-03-29T13:45:33.502156+00:00] main.CRITICAL: Unable to resolve the source file for 'frontend/Magento/luma/en_US/moment.min.js.map' [] []
[2024-03-29T13:45:37.699525+00:00] main.ERROR: Unable to resolve the source file for 'frontend/Magento/luma/en_US/moment.min.js.map' [] []
[2024-03-29T13:45:37.700288+00:00] main.CRITICAL: Unable to resolve the source file for 'frontend/Magento/luma/en_US/moment.min.js.map' [] []
[2024-03-29T13:45:38.206983+00:00] main.ERROR: Unable to resolve the source file for 'frontend/Magento/luma/en_US/moment.min.js.map' [] []
[2024-03-29T13:45:38.207773+00:00] main.CRITICAL: Unable to resolve the source file for 'frontend/Magento/luma/en_US/moment.min.js.map' [] []
[2024-03-29T13:59:30.025012+00:00] main.INFO: Item Magento_Backend::system_currency was removed [] []
[2024-03-29T13:59:30.029474+00:00] main.INFO: Add of item with id Magento_Config::system_config was processed [] []
[2024-03-29T13:59:30.029566+00:00] main.INFO: Add of item with id Magento_AdminNotification::system_adminnotification was processed [] []
[2024-03-29T13:59:30.029614+00:00] main.INFO: Add of item with id Magento_Theme::design_config was processed [] []
[2024-03-29T13:59:30.029661+00:00] main.INFO: Add of item with id Magento_Theme::system_design_theme was processed [] []
[2024-03-29T13:59:30.029706+00:00] main.INFO: Add of item with id Magento_Backend::system_design_schedule was processed [] []
[2024-03-29T13:59:30.029742+00:00] main.INFO: Add of item with id Magento_Backend::system_store was processed [] []
[2024-03-29T13:59:30.029773+00:00] main.INFO: Add of item with id Magento_Backend::dashboard was processed [] []
[2024-03-29T13:59:30.029806+00:00] main.INFO: Add of item with id Magento_Backend::system was processed [] []
[2024-03-29T13:59:30.029839+00:00] main.INFO: Add of item with id Magento_Backend::system_tools was processed [] []
[2024-03-29T13:59:30.029878+00:00] main.INFO: Add of item with id Magento_Backend::system_design was processed [] []
[2024-03-29T13:59:30.029909+00:00] main.INFO: Add of item with id Magento_Backend::system_convert was processed [] []
[2024-03-29T13:59:30.029945+00:00] main.INFO: Add of item with id Magento_Backend::system_cache was processed [] []
[2024-03-29T13:59:30.029975+00:00] main.INFO: Add of item with id Magento_Backend::marketing was processed [] []
[2024-03-29T13:59:30.030012+00:00] main.INFO: Add of item with id Magento_Backend::marketing_communications was processed [] []
[2024-03-29T13:59:30.030042+00:00] main.INFO: Add of item with id Magento_Backend::marketing_seo was processed [] []
[2024-03-29T13:59:30.030071+00:00] main.INFO: Add of item with id Magento_Backend::marketing_user_content was processed [] []
[2024-03-29T13:59:30.030103+00:00] main.INFO: Add of item with id Magento_Backend::content was processed [] []
[2024-03-29T13:59:30.030136+00:00] main.INFO: Add of item with id Magento_Backend::content_elements was processed [] []
[2024-03-29T13:59:30.030165+00:00] main.INFO: Add of item with id Magento_Backend::stores was processed [] []
[2024-03-29T13:59:30.030196+00:00] main.INFO: Add of item with id Magento_Backend::stores_settings was processed [] []
[2024-03-29T13:59:30.030229+00:00] main.INFO: Add of item with id Magento_Backend::stores_attributes was processed [] []
[2024-03-29T13:59:30.030258+00:00] main.INFO: Add of item with id Magento_Backend::other_settings was processed [] []
[2024-03-29T13:59:30.030291+00:00] main.INFO: Add of item with id Magento_Backend::system_other_settings was processed [] []
[2024-03-29T13:59:30.030319+00:00] main.INFO: Add of item with id Magento_User::system_acl was processed [] []
[2024-03-29T13:59:30.030358+00:00] main.INFO: Add of item with id Magento_User::system_acl_users was processed [] []
[2024-03-29T13:59:30.030389+00:00] main.INFO: Add of item with id Magento_User::system_acl_roles was processed [] []
[2024-03-29T13:59:30.030422+00:00] main.INFO: Add of item with id Magento_User::system_acl_locks was processed [] []
[2024-03-29T13:59:30.030450+00:00] main.INFO: Add of item with id Magento_Customer::customer was processed [] []
[2024-03-29T13:59:30.030481+00:00] main.INFO: Add of item with id Magento_Customer::customer_manage was processed [] []
[2024-03-29T13:59:30.030515+00:00] main.INFO: Add of item with id Magento_Customer::customer_online was processed [] []
[2024-03-29T13:59:30.030547+00:00] main.INFO: Add of item with id Magento_Customer::customer_group was processed [] []
[2024-03-29T13:59:30.030577+00:00] main.INFO: Add of item with id Magento_Backup::system_tools_backup was processed [] []
[2024-03-29T13:59:30.030605+00:00] main.INFO: Add of item with id Magento_Indexer::system_index was processed [] []
[2024-03-29T13:59:30.030637+00:00] main.INFO: Add of item with id Magento_Variable::system_variable was processed [] []
[2024-03-29T13:59:30.030668+00:00] main.INFO: Add of item with id Magento_Cms::cms_page was processed [] []
[2024-03-29T13:59:30.030703+00:00] main.INFO: Add of item with id Magento_Cms::cms_block was processed [] []
[2024-03-29T13:59:30.030767+00:00] main.INFO: Add of item with id Magento_Catalog::catalog was processed [] []
[2024-03-29T13:59:30.030801+00:00] main.INFO: Add of item with id Magento_Catalog::catalog_products was processed [] []
[2024-03-29T13:59:30.030836+00:00] main.INFO: Add of item with id Magento_Catalog::catalog_categories was processed [] []
[2024-03-29T13:59:30.030872+00:00] main.INFO: Add of item with id Magento_Catalog::catalog_attributes_attributes was processed [] []
[2024-03-29T13:59:30.030903+00:00] main.INFO: Add of item with id Magento_Catalog::catalog_attributes_sets was processed [] []
[2024-03-29T13:59:30.030935+00:00] main.INFO: Add of item with id Magento_Catalog::inventory was processed [] []
[2024-03-29T13:59:30.030972+00:00] main.INFO: Add of item with id Magento_Search::search_terms was processed [] []
[2024-03-29T13:59:30.031007+00:00] main.INFO: Add of item with id Magento_Search::search_synonyms was processed [] []
[2024-03-29T13:59:30.031036+00:00] main.INFO: Add of item with id Magento_CatalogRule::promo was processed [] []
[2024-03-29T13:59:30.031067+00:00] main.INFO: Add of item with id Magento_CatalogRule::promo_catalog was processed [] []
[2024-03-29T13:59:30.031101+00:00] main.INFO: Add of item with id Magento_Sales::sales was processed [] []
[2024-03-29T13:59:30.031133+00:00] main.INFO: Add of item with id Magento_Sales::sales_operation was processed [] []
[2024-03-29T13:59:30.031169+00:00] main.INFO: Add of item with id Magento_Sales::sales_order was processed [] []
[2024-03-29T13:59:30.031199+00:00] main.INFO: Add of item with id Magento_Sales::sales_invoice was processed [] []
[2024-03-29T13:59:30.031228+00:00] main.INFO: Add of item with id Magento_Sales::sales_shipment was processed [] []
[2024-03-29T13:59:30.031261+00:00] main.INFO: Add of item with id Magento_Sales::sales_creditmemo was processed [] []
[2024-03-29T13:59:30.031293+00:00] main.INFO: Add of item with id Magento_Sales::sales_transactions was processed [] []
[2024-03-29T13:59:30.031321+00:00] main.INFO: Add of item with id Magento_Sales::system_order_statuses was processed [] []
[2024-03-29T13:59:30.031349+00:00] main.INFO: Add of item with id Magento_MediaGalleryUi::media was processed [] []
[2024-03-29T13:59:30.031383+00:00] main.INFO: Add of item with id Magento_MediaGalleryUi::media_gallery was processed [] []
[2024-03-29T13:59:30.031416+00:00] main.INFO: Add of item with id Magento_Downloadable::report_products_downloads was processed [] []
[2024-03-29T13:59:30.031449+00:00] main.INFO: Add of item with id Magento_Integration::system_extensions was processed [] []
[2024-03-29T13:59:30.031481+00:00] main.INFO: Add of item with id Magento_Integration::system_integrations was processed [] []
[2024-03-29T13:59:30.031518+00:00] main.INFO: Add of item with id Magento_UrlRewrite::urlrewrite was processed [] []
[2024-03-29T13:59:30.031547+00:00] main.INFO: Add of item with id Magento_Tax::sales_tax was processed [] []
[2024-03-29T13:59:30.031583+00:00] main.INFO: Add of item with id Magento_Tax::sales_tax_rules was processed [] []
[2024-03-29T13:59:30.031613+00:00] main.INFO: Add of item with id Magento_Tax::sales_tax_rates was processed [] []
[2024-03-29T13:59:30.031645+00:00] main.INFO: Add of item with id Magento_Widget::cms_widget_instance was processed [] []
[2024-03-29T13:59:30.031676+00:00] main.INFO: Add of item with id Magento_Analytics::business_intelligence was processed [] []
[2024-03-29T13:59:30.031714+00:00] main.INFO: Add of item with id Magento_Analytics::advanced_reporting was processed [] []
[2024-03-29T13:59:30.031743+00:00] main.INFO: Add of item with id Magento_Analytics::bi_essentials was processed [] []
[2024-03-29T13:59:30.031775+00:00] main.INFO: Add of item with id Magento_ImportExport::system_convert_import was processed [] []
[2024-03-29T13:59:30.031808+00:00] main.INFO: Add of item with id Magento_ImportExport::system_convert_export was processed [] []
[2024-03-29T13:59:30.031841+00:00] main.INFO: Add of item with id Magento_ImportExport::system_convert_history was processed [] []
[2024-03-29T13:59:30.031873+00:00] main.INFO: Add of item with id Magento_Email::template was processed [] []
[2024-03-29T13:59:30.031903+00:00] main.INFO: Add of item with id Magento_EncryptionKey::system_crypt_key was processed [] []
[2024-03-29T13:59:30.031935+00:00] main.INFO: Add of item with id Magento_InventoryAdminUi::inventory was processed [] []
[2024-03-29T13:59:30.031971+00:00] main.INFO: Add of item with id Magento_InventoryAdminUi::source was processed [] []
[2024-03-29T13:59:30.032001+00:00] main.INFO: Add of item with id Magento_InventoryAdminUi::stock was processed [] []
[2024-03-29T13:59:30.032029+00:00] main.INFO: Add of item with id Magento_Reports::report was processed [] []
[2024-03-29T13:59:30.032061+00:00] main.INFO: Add of item with id Magento_Reports::report_marketing was processed [] []
[2024-03-29T13:59:30.032089+00:00] main.INFO: Add of item with id Magento_Reports::report_salesroot was processed [] []
[2024-03-29T13:59:30.032127+00:00] main.INFO: Add of item with id Magento_Reports::report_salesroot_sales was processed [] []
[2024-03-29T13:59:30.032158+00:00] main.INFO: Add of item with id Magento_Reports::report_salesroot_tax was processed [] []
[2024-03-29T13:59:30.032192+00:00] main.INFO: Add of item with id Magento_Reports::report_salesroot_invoiced was processed [] []
[2024-03-29T13:59:30.032220+00:00] main.INFO: Add of item with id Magento_Reports::report_salesroot_shipping was processed [] []
[2024-03-29T13:59:30.032252+00:00] main.INFO: Add of item with id Magento_Reports::report_salesroot_refunded was processed [] []
[2024-03-29T13:59:30.032281+00:00] main.INFO: Add of item with id Magento_Reports::report_salesroot_coupons was processed [] []
[2024-03-29T13:59:30.032316+00:00] main.INFO: Add of item with id Magento_Reports::report_shopcart_product was processed [] []
[2024-03-29T13:59:30.032348+00:00] main.INFO: Add of item with id Magento_Reports::report_shopcart_abandoned was processed [] []
[2024-03-29T13:59:30.032381+00:00] main.INFO: Add of item with id Magento_Reports::report_products was processed [] []
[2024-03-29T13:59:30.032409+00:00] main.INFO: Add of item with id Magento_Reports::report_products_bestsellers was processed [] []
[2024-03-29T13:59:30.032440+00:00] main.INFO: Add of item with id Magento_Reports::report_products_sold was processed [] []
[2024-03-29T13:59:30.032468+00:00] main.INFO: Add of item with id Magento_Reports::report_products_viewed was processed [] []
[2024-03-29T13:59:30.032501+00:00] main.INFO: Add of item with id Magento_Reports::report_products_lowstock was processed [] []
[2024-03-29T13:59:30.032529+00:00] main.INFO: Add of item with id Magento_Reports::report_customers was processed [] []
[2024-03-29T13:59:30.032565+00:00] main.INFO: Add of item with id Magento_Reports::report_customers_accounts was processed [] []
[2024-03-29T13:59:30.032595+00:00] main.INFO: Add of item with id Magento_Reports::report_customers_totals was processed [] []
[2024-03-29T13:59:30.032628+00:00] main.INFO: Add of item with id Magento_Reports::report_customers_orders was processed [] []
[2024-03-29T13:59:30.032656+00:00] main.INFO: Add of item with id Magento_Reports::report_statistics was processed [] []
[2024-03-29T13:59:30.032692+00:00] main.INFO: Add of item with id Magento_Reports::report_statistics_refresh was processed [] []
[2024-03-29T13:59:30.032723+00:00] main.INFO: Add of item with id Magento_Search::report_search_term was processed [] []
[2024-03-29T13:59:30.032770+00:00] main.INFO: Add of item with id Magento_LoginAsCustomerLog::login_log was processed [] []
[2024-03-29T13:59:30.032798+00:00] main.INFO: Add of item with id Magento_Marketplace::partners was processed [] []
[2024-03-29T13:59:30.032829+00:00] main.INFO: Add of item with id Magento_Newsletter::newsletter_template was processed [] []
[2024-03-29T13:59:30.032861+00:00] main.INFO: Add of item with id Magento_Newsletter::newsletter_queue was processed [] []
[2024-03-29T13:59:30.032902+00:00] main.INFO: Add of item with id Magento_Newsletter::newsletter_subscriber was processed [] []
[2024-03-29T13:59:30.032930+00:00] main.INFO: Add of item with id Magento_Newsletter::newsletter_problem was processed [] []
[2024-03-29T13:59:30.032958+00:00] main.INFO: Add of item with id Magento_SalesRule::promo_quote was processed [] []
[2024-03-29T13:59:30.032989+00:00] main.INFO: Add of item with id Magento_Sitemap::catalog_sitemap was processed [] []
[2024-03-29T13:59:30.033027+00:00] main.INFO: Add of item with id Magento_PageBuilder::templates was processed [] []
[2024-03-29T13:59:30.033070+00:00] main.INFO: Add of item with id Magento_Paypal::report_salesroot_paypal_settlement_reports was processed [] []
[2024-03-29T13:59:30.033098+00:00] main.INFO: Add of item with id Magento_Paypal::paypal_billing_agreement was processed [] []
[2024-03-29T13:59:30.033131+00:00] main.INFO: Add of item with id Magento_Review::catalog_reviews_ratings_ratings was processed [] []
[2024-03-29T13:59:30.033168+00:00] main.INFO: Add of item with id Magento_Review::catalog_reviews_ratings_pending was processed [] []
[2024-03-29T13:59:30.033198+00:00] main.INFO: Add of item with id Magento_Review::catalog_reviews_ratings_reviews_all was processed [] []
[2024-03-29T13:59:30.033227+00:00] main.INFO: Add of item with id Magento_Review::report_review was processed [] []
[2024-03-29T13:59:30.033266+00:00] main.INFO: Add of item with id Magento_Review::report_review_customer was processed [] []
[2024-03-29T13:59:30.033300+00:00] main.INFO: Add of item with id Magento_Review::report_review_product was processed [] []
[2024-03-29T13:59:30.033329+00:00] main.INFO: Add of item with id Magento_CheckoutAgreements::sales_checkoutagreement was processed [] []
[2024-03-29T13:59:30.033357+00:00] main.INFO: Add of item with id Magento_TaxImportExport::system_convert_tax was processed [] []
[2024-03-29T13:59:30.033388+00:00] main.INFO: Add of item with id Magento_AsynchronousOperations::system_magento_logging was processed [] []
[2024-03-29T13:59:30.033424+00:00] main.INFO: Add of item with id Magento_AsynchronousOperations::system_magento_logging_bulk_operations was processed [] []
[2024-03-29T13:59:30.033455+00:00] main.INFO: Add of item with id Magento_CurrencySymbol::system_currency was processed [] []
[2024-03-29T13:59:30.033490+00:00] main.INFO: Add of item with id Magento_CurrencySymbol::system_currency_rates was processed [] []
[2024-03-29T13:59:30.033521+00:00] main.INFO: Add of item with id Magento_CurrencySymbol::system_currency_symbols was processed [] []
[2024-03-29T13:59:30.033553+00:00] main.INFO: Add of item with id PayPal_Braintree::settlement_report was processed [] []
[2024-03-29T13:59:30.033582+00:00] main.INFO: Add of item with id PayPal_Braintree::virtual_terminal was processed [] []
[2024-03-29T14:01:35.431734+00:00] main.INFO: Item Magento_Backend::system_currency was removed [] []
[2024-03-29T14:01:35.433988+00:00] main.INFO: Add of item with id Magento_Config::system_config was processed [] []
[2024-03-29T14:01:35.434153+00:00] main.INFO: Add of item with id Magento_AdminNotification::system_adminnotification was processed [] []
[2024-03-29T14:01:35.434229+00:00] main.INFO: Add of item with id Magento_Theme::design_config was processed [] []
[2024-03-29T14:01:35.434292+00:00] main.INFO: Add of item with id Magento_Theme::system_design_theme was processed [] []
[2024-03-29T14:01:35.434374+00:00] main.INFO: Add of item with id Magento_Backend::system_design_schedule was processed [] []
[2024-03-29T14:01:35.434431+00:00] main.INFO: Add of item with id Magento_Backend::system_store was processed [] []
[2024-03-29T14:01:35.434486+00:00] main.INFO: Add of item with id Magento_Backend::dashboard was processed [] []
[2024-03-29T14:01:35.434542+00:00] main.INFO: Add of item with id Magento_Backend::system was processed [] []
[2024-03-29T14:01:35.434618+00:00] main.INFO: Add of item with id Magento_Backend::system_tools was processed [] []
[2024-03-29T14:01:35.434692+00:00] main.INFO: Add of item with id Magento_Backend::system_design was processed [] []
[2024-03-29T14:01:35.434763+00:00] main.INFO: Add of item with id Magento_Backend::system_convert was processed [] []
[2024-03-29T14:01:35.434832+00:00] main.INFO: Add of item with id Magento_Backend::system_cache was processed [] []
[2024-03-29T14:01:35.434899+00:00] main.INFO: Add of item with id Magento_Backend::marketing was processed [] []
[2024-03-29T14:01:35.434974+00:00] main.INFO: Add of item with id Magento_Backend::marketing_communications was processed [] []
[2024-03-29T14:01:35.435036+00:00] main.INFO: Add of item with id Magento_Backend::marketing_seo was processed [] []
[2024-03-29T14:01:35.435095+00:00] main.INFO: Add of item with id Magento_Backend::marketing_user_content was processed [] []
[2024-03-29T14:01:35.435154+00:00] main.INFO: Add of item with id Magento_Backend::content was processed [] []
[2024-03-29T14:01:35.435216+00:00] main.INFO: Add of item with id Magento_Backend::content_elements was processed [] []
[2024-03-29T14:01:35.435276+00:00] main.INFO: Add of item with id Magento_Backend::stores was processed [] []
[2024-03-29T14:01:35.435345+00:00] main.INFO: Add of item with id Magento_Backend::stores_settings was processed [] []
[2024-03-29T14:01:35.435403+00:00] main.INFO: Add of item with id Magento_Backend::stores_attributes was processed [] []
[2024-03-29T14:01:35.435464+00:00] main.INFO: Add of item with id Magento_Backend::other_settings was processed [] []
[2024-03-29T14:01:35.435521+00:00] main.INFO: Add of item with id Magento_Backend::system_other_settings was processed [] []
[2024-03-29T14:01:35.435575+00:00] main.INFO: Add of item with id Magento_User::system_acl was processed [] []
[2024-03-29T14:01:35.435642+00:00] main.INFO: Add of item with id Magento_User::system_acl_users was processed [] []
[2024-03-29T14:01:35.435705+00:00] main.INFO: Add of item with id Magento_User::system_acl_roles was processed [] []
[2024-03-29T14:01:35.435761+00:00] main.INFO: Add of item with id Magento_User::system_acl_locks was processed [] []
[2024-03-29T14:01:35.435816+00:00] main.INFO: Add of item with id Magento_Customer::customer was processed [] []
[2024-03-29T14:01:35.435883+00:00] main.INFO: Add of item with id Magento_Customer::customer_manage was processed [] []
[2024-03-29T14:01:35.435941+00:00] main.INFO: Add of item with id Magento_Customer::customer_online was processed [] []
[2024-03-29T14:01:35.436001+00:00] main.INFO: Add of item with id Magento_Customer::customer_group was processed [] []
[2024-03-29T14:01:35.436056+00:00] main.INFO: Add of item with id Magento_Backup::system_tools_backup was processed [] []
[2024-03-29T14:01:35.436111+00:00] main.INFO: Add of item with id Magento_Indexer::system_index was processed [] []
[2024-03-29T14:01:35.436165+00:00] main.INFO: Add of item with id Magento_Variable::system_variable was processed [] []
[2024-03-29T14:01:35.436237+00:00] main.INFO: Add of item with id Magento_Cms::cms_page was processed [] []
[2024-03-29T14:01:35.436295+00:00] main.INFO: Add of item with id Magento_Cms::cms_block was processed [] []
[2024-03-29T14:01:35.436349+00:00] main.INFO: Add of item with id Magento_Catalog::catalog was processed [] []
[2024-03-29T14:01:35.436414+00:00] main.INFO: Add of item with id Magento_Catalog::catalog_products was processed [] []
[2024-03-29T14:01:35.436471+00:00] main.INFO: Add of item with id Magento_Catalog::catalog_categories was processed [] []
[2024-03-29T14:01:35.436544+00:00] main.INFO: Add of item with id Magento_Catalog::catalog_attributes_attributes was processed [] []
[2024-03-29T14:01:35.436603+00:00] main.INFO: Add of item with id Magento_Catalog::catalog_attributes_sets was processed [] []
[2024-03-29T14:01:35.436670+00:00] main.INFO: Add of item with id Magento_Catalog::inventory was processed [] []
[2024-03-29T14:01:35.436740+00:00] main.INFO: Add of item with id Magento_Search::search_terms was processed [] []
[2024-03-29T14:01:35.436801+00:00] main.INFO: Add of item with id Magento_Search::search_synonyms was processed [] []
[2024-03-29T14:01:35.436856+00:00] main.INFO: Add of item with id Magento_CatalogRule::promo was processed [] []
[2024-03-29T14:01:35.436922+00:00] main.INFO: Add of item with id Magento_CatalogRule::promo_catalog was processed [] []
[2024-03-29T14:01:35.436979+00:00] main.INFO: Add of item with id Magento_Sales::sales was processed [] []
[2024-03-29T14:01:35.437050+00:00] main.INFO: Add of item with id Magento_Sales::sales_operation was processed [] []
[2024-03-29T14:01:35.437120+00:00] main.INFO: Add of item with id Magento_Sales::sales_order was processed [] []
[2024-03-29T14:01:35.437178+00:00] main.INFO: Add of item with id Magento_Sales::sales_invoice was processed [] []
[2024-03-29T14:01:35.437233+00:00] main.INFO: Add of item with id Magento_Sales::sales_shipment was processed [] []
[2024-03-29T14:01:35.437287+00:00] main.INFO: Add of item with id Magento_Sales::sales_creditmemo was processed [] []
[2024-03-29T14:01:35.437345+00:00] main.INFO: Add of item with id Magento_Sales::sales_transactions was processed [] []
[2024-03-29T14:01:35.437399+00:00] main.INFO: Add of item with id Magento_Sales::system_order_statuses was processed [] []
[2024-03-29T14:01:35.437453+00:00] main.INFO: Add of item with id Magento_MediaGalleryUi::media was processed [] []
[2024-03-29T14:01:35.437518+00:00] main.INFO: Add of item with id Magento_MediaGalleryUi::media_gallery was processed [] []
[2024-03-29T14:01:35.437592+00:00] main.INFO: Add of item with id Magento_Downloadable::report_products_downloads was processed [] []
[2024-03-29T14:01:35.437650+00:00] main.INFO: Add of item with id Magento_Integration::system_extensions was processed [] []
[2024-03-29T14:01:35.437717+00:00] main.INFO: Add of item with id Magento_Integration::system_integrations was processed [] []
[2024-03-29T14:01:35.437775+00:00] main.INFO: Add of item with id Magento_UrlRewrite::urlrewrite was processed [] []
[2024-03-29T14:01:35.437833+00:00] main.INFO: Add of item with id Magento_Tax::sales_tax was processed [] []
[2024-03-29T14:01:35.437899+00:00] main.INFO: Add of item with id Magento_Tax::sales_tax_rules was processed [] []
[2024-03-29T14:01:35.437957+00:00] main.INFO: Add of item with id Magento_Tax::sales_tax_rates was processed [] []
[2024-03-29T14:01:35.438011+00:00] main.INFO: Add of item with id Magento_Widget::cms_widget_instance was processed [] []
[2024-03-29T14:01:35.438083+00:00] main.INFO: Add of item with id Magento_Analytics::business_intelligence was processed [] []
[2024-03-29T14:01:35.438152+00:00] main.INFO: Add of item with id Magento_Analytics::advanced_reporting was processed [] []
[2024-03-29T14:01:35.438209+00:00] main.INFO: Add of item with id Magento_Analytics::bi_essentials was processed [] []
[2024-03-29T14:01:35.438277+00:00] main.INFO: Add of item with id Magento_ImportExport::system_convert_import was processed [] []
[2024-03-29T14:01:35.438341+00:00] main.INFO: Add of item with id Magento_ImportExport::system_convert_export was processed [] []
[2024-03-29T14:01:35.438395+00:00] main.INFO: Add of item with id Magento_ImportExport::system_convert_history was processed [] []
[2024-03-29T14:01:35.438461+00:00] main.INFO: Add of item with id Magento_Email::template was processed [] []
[2024-03-29T14:01:35.438519+00:00] main.INFO: Add of item with id Magento_EncryptionKey::system_crypt_key was processed [] []
[2024-03-29T14:01:35.438573+00:00] main.INFO: Add of item with id Magento_InventoryAdminUi::inventory was processed [] []
[2024-03-29T14:01:35.438645+00:00] main.INFO: Add of item with id Magento_InventoryAdminUi::source was processed [] []
[2024-03-29T14:01:35.438702+00:00] main.INFO: Add of item with id Magento_InventoryAdminUi::stock was processed [] []
[2024-03-29T14:01:35.438767+00:00] main.INFO: Add of item with id Magento_Reports::report was processed [] []
[2024-03-29T14:01:35.438822+00:00] main.INFO: Add of item with id Magento_Reports::report_marketing was processed [] []
[2024-03-29T14:01:35.438883+00:00] main.INFO: Add of item with id Magento_Reports::report_salesroot was processed [] []
[2024-03-29T14:01:35.438949+00:00] main.INFO: Add of item with id Magento_Reports::report_salesroot_sales was processed [] []
[2024-03-29T14:01:35.439008+00:00] main.INFO: Add of item with id Magento_Reports::report_salesroot_tax was processed [] []
[2024-03-29T14:01:35.439062+00:00] main.INFO: Add of item with id Magento_Reports::report_salesroot_invoiced was processed [] []
[2024-03-29T14:01:35.439120+00:00] main.INFO: Add of item with id Magento_Reports::report_salesroot_shipping was processed [] []
[2024-03-29T14:01:35.439175+00:00] main.INFO: Add of item with id Magento_Reports::report_salesroot_refunded was processed [] []
[2024-03-29T14:01:35.439229+00:00] main.INFO: Add of item with id Magento_Reports::report_salesroot_coupons was processed [] []
[2024-03-29T14:01:35.439295+00:00] main.INFO: Add of item with id Magento_Reports::report_shopcart_product was processed [] []
[2024-03-29T14:01:35.439359+00:00] main.INFO: Add of item with id Magento_Reports::report_shopcart_abandoned was processed [] []
[2024-03-29T14:01:35.439414+00:00] main.INFO: Add of item with id Magento_Reports::report_products was processed [] []
[2024-03-29T14:01:35.439468+00:00] main.INFO: Add of item with id Magento_Reports::report_products_bestsellers was processed [] []
[2024-03-29T14:01:35.439522+00:00] main.INFO: Add of item with id Magento_Reports::report_products_sold was processed [] []
[2024-03-29T14:01:35.439579+00:00] main.INFO: Add of item with id Magento_Reports::report_products_viewed was processed [] []
[2024-03-29T14:01:35.439632+00:00] main.INFO: Add of item with id Magento_Reports::report_products_lowstock was processed [] []
[2024-03-29T14:01:35.439685+00:00] main.INFO: Add of item with id Magento_Reports::report_customers was processed [] []
[2024-03-29T14:01:35.439750+00:00] main.INFO: Add of item with id Magento_Reports::report_customers_accounts was processed [] []
[2024-03-29T14:01:35.439813+00:00] main.INFO: Add of item with id Magento_Reports::report_customers_totals was processed [] []
[2024-03-29T14:01:35.439868+00:00] main.INFO: Add of item with id Magento_Reports::report_customers_orders was processed [] []
[2024-03-29T14:01:35.439922+00:00] main.INFO: Add of item with id Magento_Reports::report_statistics was processed [] []
[2024-03-29T14:01:35.439988+00:00] main.INFO: Add of item with id Magento_Reports::report_statistics_refresh was processed [] []
[2024-03-29T14:01:35.440051+00:00] main.INFO: Add of item with id Magento_Search::report_search_term was processed [] []
[2024-03-29T14:01:35.440105+00:00] main.INFO: Add of item with id Magento_LoginAsCustomerLog::login_log was processed [] []
[2024-03-29T14:01:35.440159+00:00] main.INFO: Add of item with id Magento_Marketplace::partners was processed [] []
[2024-03-29T14:01:35.440212+00:00] main.INFO: Add of item with id Magento_Newsletter::newsletter_template was processed [] []
[2024-03-29T14:01:35.440273+00:00] main.INFO: Add of item with id Magento_Newsletter::newsletter_queue was processed [] []
[2024-03-29T14:01:35.440325+00:00] main.INFO: Add of item with id Magento_Newsletter::newsletter_subscriber was processed [] []
[2024-03-29T14:01:35.440378+00:00] main.INFO: Add of item with id Magento_Newsletter::newsletter_problem was processed [] []
[2024-03-29T14:01:35.440432+00:00] main.INFO: Add of item with id Magento_SalesRule::promo_quote was processed [] []
[2024-03-29T14:01:35.440485+00:00] main.INFO: Add of item with id Magento_Sitemap::catalog_sitemap was processed [] []
[2024-03-29T14:01:35.440544+00:00] main.INFO: Add of item with id Magento_PageBuilder::templates was processed [] []
[2024-03-29T14:01:35.440597+00:00] main.INFO: Add of item with id Magento_Paypal::report_salesroot_paypal_settlement_reports was processed [] []
[2024-03-29T14:01:35.440651+00:00] main.INFO: Add of item with id Magento_Paypal::paypal_billing_agreement was processed [] []
[2024-03-29T14:01:35.440704+00:00] main.INFO: Add of item with id Magento_Review::catalog_reviews_ratings_ratings was processed [] []
[2024-03-29T14:01:35.440773+00:00] main.INFO: Add of item with id Magento_Review::catalog_reviews_ratings_pending was processed [] []
[2024-03-29T14:01:35.440831+00:00] main.INFO: Add of item with id Magento_Review::catalog_reviews_ratings_reviews_all was processed [] []
[2024-03-29T14:01:35.440886+00:00] main.INFO: Add of item with id Magento_Review::report_review was processed [] []
[2024-03-29T14:01:35.440953+00:00] main.INFO: Add of item with id Magento_Review::report_review_customer was processed [] []
[2024-03-29T14:01:35.441015+00:00] main.INFO: Add of item with id Magento_Review::report_review_product was processed [] []
[2024-03-29T14:01:35.441070+00:00] main.INFO: Add of item with id Magento_CheckoutAgreements::sales_checkoutagreement was processed [] []
[2024-03-29T14:01:35.441124+00:00] main.INFO: Add of item with id Magento_TaxImportExport::system_convert_tax was processed [] []
[2024-03-29T14:01:35.441178+00:00] main.INFO: Add of item with id Magento_AsynchronousOperations::system_magento_logging was processed [] []
[2024-03-29T14:01:35.441249+00:00] main.INFO: Add of item with id Magento_AsynchronousOperations::system_magento_logging_bulk_operations was processed [] []
[2024-03-29T14:01:35.441308+00:00] main.INFO: Add of item with id Magento_CurrencySymbol::system_currency was processed [] []
[2024-03-29T14:01:35.441374+00:00] main.INFO: Add of item with id Magento_CurrencySymbol::system_currency_rates was processed [] []
[2024-03-29T14:01:35.441436+00:00] main.INFO: Add of item with id Magento_CurrencySymbol::system_currency_symbols was processed [] []
[2024-03-29T14:01:35.441491+00:00] main.INFO: Add of item with id PayPal_Braintree::settlement_report was processed [] []
[2024-03-29T14:01:35.441545+00:00] main.INFO: Add of item with id PayPal_Braintree::virtual_terminal was processed [] []
[2024-03-29T14:10:47.830166+00:00] main.INFO: Item Magento_Backend::system_currency was removed [] []
[2024-03-29T14:10:47.832190+00:00] main.INFO: Add of item with id Magento_Config::system_config was processed [] []
[2024-03-29T14:10:47.832257+00:00] main.INFO: Add of item with id Magento_AdminNotification::system_adminnotification was processed [] []
[2024-03-29T14:10:47.832293+00:00] main.INFO: Add of item with id Magento_Theme::design_config was processed [] []
[2024-03-29T14:10:47.832323+00:00] main.INFO: Add of item with id Magento_Theme::system_design_theme was processed [] []
[2024-03-29T14:10:47.832351+00:00] main.INFO: Add of item with id Magento_Backend::system_design_schedule was processed [] []
[2024-03-29T14:10:47.832388+00:00] main.INFO: Add of item with id Magento_Backend::system_store was processed [] []
[2024-03-29T14:10:47.832415+00:00] main.INFO: Add of item with id Magento_Backend::dashboard was processed [] []
[2024-03-29T14:10:47.832443+00:00] main.INFO: Add of item with id Magento_Backend::system was processed [] []
[2024-03-29T14:10:47.832475+00:00] main.INFO: Add of item with id Magento_Backend::system_tools was processed [] []
[2024-03-29T14:10:47.832512+00:00] main.INFO: Add of item with id Magento_Backend::system_design was processed [] []
[2024-03-29T14:10:47.832540+00:00] main.INFO: Add of item with id Magento_Backend::system_convert was processed [] []
[2024-03-29T14:10:47.832571+00:00] main.INFO: Add of item with id Magento_Backend::system_cache was processed [] []
[2024-03-29T14:10:47.832600+00:00] main.INFO: Add of item with id Magento_Backend::marketing was processed [] []
[2024-03-29T14:10:47.832636+00:00] main.INFO: Add of item with id Magento_Backend::marketing_communications was processed [] []
[2024-03-29T14:10:47.832665+00:00] main.INFO: Add of item with id Magento_Backend::marketing_seo was processed [] []
[2024-03-29T14:10:47.832692+00:00] main.INFO: Add of item with id Magento_Backend::marketing_user_content was processed [] []
[2024-03-29T14:10:47.832719+00:00] main.INFO: Add of item with id Magento_Backend::content was processed [] []
[2024-03-29T14:10:47.832745+00:00] main.INFO: Add of item with id Magento_Backend::content_elements was processed [] []
[2024-03-29T14:10:47.832775+00:00] main.INFO: Add of item with id Magento_Backend::stores was processed [] []
[2024-03-29T14:10:47.832804+00:00] main.INFO: Add of item with id Magento_Backend::stores_settings was processed [] []
[2024-03-29T14:10:47.832833+00:00] main.INFO: Add of item with id Magento_Backend::stores_attributes was processed [] []
[2024-03-29T14:10:47.832860+00:00] main.INFO: Add of item with id Magento_Backend::other_settings was processed [] []
[2024-03-29T14:10:47.832890+00:00] main.INFO: Add of item with id Magento_Backend::system_other_settings was processed [] []
[2024-03-29T14:10:47.832916+00:00] main.INFO: Add of item with id Magento_User::system_acl was processed [] []
[2024-03-29T14:10:47.832946+00:00] main.INFO: Add of item with id Magento_User::system_acl_users was processed [] []
[2024-03-29T14:10:47.832974+00:00] main.INFO: Add of item with id Magento_User::system_acl_roles was processed [] []
[2024-03-29T14:10:47.833004+00:00] main.INFO: Add of item with id Magento_User::system_acl_locks was processed [] []
[2024-03-29T14:10:47.833031+00:00] main.INFO: Add of item with id Magento_Customer::customer was processed [] []
[2024-03-29T14:10:47.833060+00:00] main.INFO: Add of item with id Magento_Customer::customer_manage was processed [] []
[2024-03-29T14:10:47.833089+00:00] main.INFO: Add of item with id Magento_Customer::customer_online was processed [] []
[2024-03-29T14:10:47.833115+00:00] main.INFO: Add of item with id Magento_Customer::customer_group was processed [] []
[2024-03-29T14:10:47.833146+00:00] main.INFO: Add of item with id Magento_Backup::system_tools_backup was processed [] []
[2024-03-29T14:10:47.833172+00:00] main.INFO: Add of item with id Magento_Indexer::system_index was processed [] []
[2024-03-29T14:10:47.833198+00:00] main.INFO: Add of item with id Magento_Variable::system_variable was processed [] []
[2024-03-29T14:10:47.833228+00:00] main.INFO: Add of item with id Magento_Cms::cms_page was processed [] []
[2024-03-29T14:10:47.833260+00:00] main.INFO: Add of item with id Magento_Cms::cms_block was processed [] []
[2024-03-29T14:10:47.833287+00:00] main.INFO: Add of item with id Magento_Catalog::catalog was processed [] []
[2024-03-29T14:10:47.833316+00:00] main.INFO: Add of item with id Magento_Catalog::catalog_products was processed [] []
[2024-03-29T14:10:47.833344+00:00] main.INFO: Add of item with id Magento_Catalog::catalog_categories was processed [] []
[2024-03-29T14:10:47.833377+00:00] main.INFO: Add of item with id Magento_Catalog::catalog_attributes_attributes was processed [] []
[2024-03-29T14:10:47.833423+00:00] main.INFO: Add of item with id Magento_Catalog::catalog_attributes_sets was processed [] []
[2024-03-29T14:10:47.833485+00:00] main.INFO: Add of item with id Magento_Catalog::inventory was processed [] []
[2024-03-29T14:10:47.833521+00:00] main.INFO: Add of item with id Magento_Search::search_terms was processed [] []
[2024-03-29T14:10:47.833552+00:00] main.INFO: Add of item with id Magento_Search::search_synonyms was processed [] []
[2024-03-29T14:10:47.833590+00:00] main.INFO: Add of item with id Magento_CatalogRule::promo was processed [] []
[2024-03-29T14:10:47.833629+00:00] main.INFO: Add of item with id Magento_CatalogRule::promo_catalog was processed [] []
[2024-03-29T14:10:47.833681+00:00] main.INFO: Add of item with id Magento_Sales::sales was processed [] []
[2024-03-29T14:10:47.833713+00:00] main.INFO: Add of item with id Magento_Sales::sales_operation was processed [] []
[2024-03-29T14:10:47.833749+00:00] main.INFO: Add of item with id Magento_Sales::sales_order was processed [] []
[2024-03-29T14:10:47.833777+00:00] main.INFO: Add of item with id Magento_Sales::sales_invoice was processed [] []
[2024-03-29T14:10:47.833805+00:00] main.INFO: Add of item with id Magento_Sales::sales_shipment was processed [] []
[2024-03-29T14:10:47.833831+00:00] main.INFO: Add of item with id Magento_Sales::sales_creditmemo was processed [] []
[2024-03-29T14:10:47.833858+00:00] main.INFO: Add of item with id Magento_Sales::sales_transactions was processed [] []
[2024-03-29T14:10:47.833888+00:00] main.INFO: Add of item with id Magento_Sales::system_order_statuses was processed [] []
[2024-03-29T14:10:47.833915+00:00] main.INFO: Add of item with id Magento_MediaGalleryUi::media was processed [] []
[2024-03-29T14:10:47.833946+00:00] main.INFO: Add of item with id Magento_MediaGalleryUi::media_gallery was processed [] []
[2024-03-29T14:10:47.833978+00:00] main.INFO: Add of item with id Magento_Downloadable::report_products_downloads was processed [] []
[2024-03-29T14:10:47.834010+00:00] main.INFO: Add of item with id Magento_Integration::system_extensions was processed [] []
[2024-03-29T14:10:47.834040+00:00] main.INFO: Add of item with id Magento_Integration::system_integrations was processed [] []
[2024-03-29T14:10:47.834068+00:00] main.INFO: Add of item with id Magento_UrlRewrite::urlrewrite was processed [] []
[2024-03-29T14:10:47.834095+00:00] main.INFO: Add of item with id Magento_Tax::sales_tax was processed [] []
[2024-03-29T14:10:47.834129+00:00] main.INFO: Add of item with id Magento_Tax::sales_tax_rules was processed [] []
[2024-03-29T14:10:47.834157+00:00] main.INFO: Add of item with id Magento_Tax::sales_tax_rates was processed [] []
[2024-03-29T14:10:47.834185+00:00] main.INFO: Add of item with id Magento_Widget::cms_widget_instance was processed [] []
[2024-03-29T14:10:47.834215+00:00] main.INFO: Add of item with id Magento_Analytics::business_intelligence was processed [] []
[2024-03-29T14:10:47.834250+00:00] main.INFO: Add of item with id Magento_Analytics::advanced_reporting was processed [] []
[2024-03-29T14:10:47.834279+00:00] main.INFO: Add of item with id Magento_Analytics::bi_essentials was processed [] []
[2024-03-29T14:10:47.834309+00:00] main.INFO: Add of item with id Magento_ImportExport::system_convert_import was processed [] []
[2024-03-29T14:10:47.834338+00:00] main.INFO: Add of item with id Magento_ImportExport::system_convert_export was processed [] []
[2024-03-29T14:10:47.834368+00:00] main.INFO: Add of item with id Magento_ImportExport::system_convert_history was processed [] []
[2024-03-29T14:10:47.834399+00:00] main.INFO: Add of item with id Magento_Email::template was processed [] []
[2024-03-29T14:10:47.834429+00:00] main.INFO: Add of item with id Magento_EncryptionKey::system_crypt_key was processed [] []
[2024-03-29T14:10:47.834456+00:00] main.INFO: Add of item with id Magento_InventoryAdminUi::inventory was processed [] []
[2024-03-29T14:10:47.834485+00:00] main.INFO: Add of item with id Magento_InventoryAdminUi::source was processed [] []
[2024-03-29T14:10:47.834516+00:00] main.INFO: Add of item with id Magento_InventoryAdminUi::stock was processed [] []
[2024-03-29T14:10:47.834543+00:00] main.INFO: Add of item with id Magento_Reports::report was processed [] []
[2024-03-29T14:10:47.834570+00:00] main.INFO: Add of item with id Magento_Reports::report_marketing was processed [] []
[2024-03-29T14:10:47.834597+00:00] main.INFO: Add of item with id Magento_Reports::report_salesroot was processed [] []
[2024-03-29T14:10:47.834632+00:00] main.INFO: Add of item with id Magento_Reports::report_salesroot_sales was processed [] []
[2024-03-29T14:10:47.834660+00:00] main.INFO: Add of item with id Magento_Reports::report_salesroot_tax was processed [] []
[2024-03-29T14:10:47.834686+00:00] main.INFO: Add of item with id Magento_Reports::report_salesroot_invoiced was processed [] []
[2024-03-29T14:10:47.834721+00:00] main.INFO: Add of item with id Magento_Reports::report_salesroot_shipping was processed [] []
[2024-03-29T14:10:47.834768+00:00] main.INFO: Add of item with id Magento_Reports::report_salesroot_refunded was processed [] []
[2024-03-29T14:10:47.834797+00:00] main.INFO: Add of item with id Magento_Reports::report_salesroot_coupons was processed [] []
[2024-03-29T14:10:47.834831+00:00] main.INFO: Add of item with id Magento_Reports::report_shopcart_product was processed [] []
[2024-03-29T14:10:47.834862+00:00] main.INFO: Add of item with id Magento_Reports::report_shopcart_abandoned was processed [] []
[2024-03-29T14:10:47.834897+00:00] main.INFO: Add of item with id Magento_Reports::report_products was processed [] []
[2024-03-29T14:10:47.834927+00:00] main.INFO: Add of item with id Magento_Reports::report_products_bestsellers was processed [] []
[2024-03-29T14:10:47.834956+00:00] main.INFO: Add of item with id Magento_Reports::report_products_sold was processed [] []
[2024-03-29T14:10:47.834985+00:00] main.INFO: Add of item with id Magento_Reports::report_products_viewed was processed [] []
[2024-03-29T14:10:47.835018+00:00] main.INFO: Add of item with id Magento_Reports::report_products_lowstock was processed [] []
[2024-03-29T14:10:47.835047+00:00] main.INFO: Add of item with id Magento_Reports::report_customers was processed [] []
[2024-03-29T14:10:47.835079+00:00] main.INFO: Add of item with id Magento_Reports::report_customers_accounts was processed [] []
[2024-03-29T14:10:47.835111+00:00] main.INFO: Add of item with id Magento_Reports::report_customers_totals was processed [] []
[2024-03-29T14:10:47.835144+00:00] main.INFO: Add of item with id Magento_Reports::report_customers_orders was processed [] []
[2024-03-29T14:10:47.835173+00:00] main.INFO: Add of item with id Magento_Reports::report_statistics was processed [] []
[2024-03-29T14:10:47.835206+00:00] main.INFO: Add of item with id Magento_Reports::report_statistics_refresh was processed [] []
[2024-03-29T14:10:47.835237+00:00] main.INFO: Add of item with id Magento_Search::report_search_term was processed [] []
[2024-03-29T14:10:47.835271+00:00] main.INFO: Add of item with id Magento_LoginAsCustomerLog::login_log was processed [] []
[2024-03-29T14:10:47.835301+00:00] main.INFO: Add of item with id Magento_Marketplace::partners was processed [] []
[2024-03-29T14:10:47.835330+00:00] main.INFO: Add of item with id Magento_Newsletter::newsletter_template was processed [] []
[2024-03-29T14:10:47.835359+00:00] main.INFO: Add of item with id Magento_Newsletter::newsletter_queue was processed [] []
[2024-03-29T14:10:47.835388+00:00] main.INFO: Add of item with id Magento_Newsletter::newsletter_subscriber was processed [] []
[2024-03-29T14:10:47.835422+00:00] main.INFO: Add of item with id Magento_Newsletter::newsletter_problem was processed [] []
[2024-03-29T14:10:47.835452+00:00] main.INFO: Add of item with id Magento_SalesRule::promo_quote was processed [] []
[2024-03-29T14:10:47.835482+00:00] main.INFO: Add of item with id Magento_Sitemap::catalog_sitemap was processed [] []
[2024-03-29T14:10:47.835512+00:00] main.INFO: Add of item with id Magento_PageBuilder::templates was processed [] []
[2024-03-29T14:10:47.835544+00:00] main.INFO: Add of item with id Magento_Paypal::report_salesroot_paypal_settlement_reports was processed [] []
[2024-03-29T14:10:47.835575+00:00] main.INFO: Add of item with id Magento_Paypal::paypal_billing_agreement was processed [] []
[2024-03-29T14:10:47.835605+00:00] main.INFO: Add of item with id Magento_Review::catalog_reviews_ratings_ratings was processed [] []
[2024-03-29T14:10:47.835637+00:00] main.INFO: Add of item with id Magento_Review::catalog_reviews_ratings_pending was processed [] []
[2024-03-29T14:10:47.835673+00:00] main.INFO: Add of item with id Magento_Review::catalog_reviews_ratings_reviews_all was processed [] []
[2024-03-29T14:10:47.835711+00:00] main.INFO: Add of item with id Magento_Review::report_review was processed [] []
[2024-03-29T14:10:47.835744+00:00] main.INFO: Add of item with id Magento_Review::report_review_customer was processed [] []
[2024-03-29T14:10:47.835776+00:00] main.INFO: Add of item with id Magento_Review::report_review_product was processed [] []
[2024-03-29T14:10:47.835810+00:00] main.INFO: Add of item with id Magento_CheckoutAgreements::sales_checkoutagreement was processed [] []
[2024-03-29T14:10:47.835840+00:00] main.INFO: Add of item with id Magento_TaxImportExport::system_convert_tax was processed [] []
[2024-03-29T14:10:47.835871+00:00] main.INFO: Add of item with id Magento_AsynchronousOperations::system_magento_logging was processed [] []
[2024-03-29T14:10:47.835907+00:00] main.INFO: Add of item with id Magento_AsynchronousOperations::system_magento_logging_bulk_operations was processed [] []
[2024-03-29T14:10:47.835939+00:00] main.INFO: Add of item with id Magento_CurrencySymbol::system_currency was processed [] []
[2024-03-29T14:10:47.835972+00:00] main.INFO: Add of item with id Magento_CurrencySymbol::system_currency_rates was processed [] []
[2024-03-29T14:10:47.836003+00:00] main.INFO: Add of item with id Magento_CurrencySymbol::system_currency_symbols was processed [] []
[2024-03-29T14:10:47.836041+00:00] main.INFO: Add of item with id PayPal_Braintree::settlement_report was processed [] []
[2024-03-29T14:10:47.836072+00:00] main.INFO: Add of item with id PayPal_Braintree::virtual_terminal was processed [] []
[2024-03-29T14:16:37.769251+00:00] main.INFO: Item Magento_Backend::system_currency was removed [] []
[2024-03-29T14:16:37.776664+00:00] main.INFO: Add of item with id Magento_Config::system_config was processed [] []
[2024-03-29T14:16:37.776863+00:00] main.INFO: Add of item with id Magento_AdminNotification::system_adminnotification was processed [] []
[2024-03-29T14:16:37.776970+00:00] main.INFO: Add of item with id Magento_Theme::design_config was processed [] []
[2024-03-29T14:16:37.777031+00:00] main.INFO: Add of item with id Magento_Theme::system_design_theme was processed [] []
[2024-03-29T14:16:37.777086+00:00] main.INFO: Add of item with id Magento_Backend::system_design_schedule was processed [] []
[2024-03-29T14:16:37.777143+00:00] main.INFO: Add of item with id Magento_Backend::system_store was processed [] []
[2024-03-29T14:16:37.777203+00:00] main.INFO: Add of item with id Magento_Backend::dashboard was processed [] []
[2024-03-29T14:16:37.777257+00:00] main.INFO: Add of item with id Magento_Backend::system was processed [] []
[2024-03-29T14:16:37.777316+00:00] main.INFO: Add of item with id Magento_Backend::system_tools was processed [] []
[2024-03-29T14:16:37.777377+00:00] main.INFO: Add of item with id Magento_Backend::system_design was processed [] []
[2024-03-29T14:16:37.777437+00:00] main.INFO: Add of item with id Magento_Backend::system_convert was processed [] []
[2024-03-29T14:16:37.777496+00:00] main.INFO: Add of item with id Magento_Backend::system_cache was processed [] []
[2024-03-29T14:16:37.777552+00:00] main.INFO: Add of item with id Magento_Backend::marketing was processed [] []
[2024-03-29T14:16:37.777610+00:00] main.INFO: Add of item with id Magento_Backend::marketing_communications was processed [] []
[2024-03-29T14:16:37.777670+00:00] main.INFO: Add of item with id Magento_Backend::marketing_seo was processed [] []
[2024-03-29T14:16:37.777722+00:00] main.INFO: Add of item with id Magento_Backend::marketing_user_content was processed [] []
[2024-03-29T14:16:37.777775+00:00] main.INFO: Add of item with id Magento_Backend::content was processed [] []
[2024-03-29T14:16:37.777828+00:00] main.INFO: Add of item with id Magento_Backend::content_elements was processed [] []
[2024-03-29T14:16:37.777881+00:00] main.INFO: Add of item with id Magento_Backend::stores was processed [] []
[2024-03-29T14:16:37.777944+00:00] main.INFO: Add of item with id Magento_Backend::stores_settings was processed [] []
[2024-03-29T14:16:37.777994+00:00] main.INFO: Add of item with id Magento_Backend::stores_attributes was processed [] []
[2024-03-29T14:16:37.778041+00:00] main.INFO: Add of item with id Magento_Backend::other_settings was processed [] []
[2024-03-29T14:16:37.778089+00:00] main.INFO: Add of item with id Magento_Backend::system_other_settings was processed [] []
[2024-03-29T14:16:37.778142+00:00] main.INFO: Add of item with id Magento_User::system_acl was processed [] []
[2024-03-29T14:16:37.778194+00:00] main.INFO: Add of item with id Magento_User::system_acl_users was processed [] []
[2024-03-29T14:16:37.778244+00:00] main.INFO: Add of item with id Magento_User::system_acl_roles was processed [] []
[2024-03-29T14:16:37.778292+00:00] main.INFO: Add of item with id Magento_User::system_acl_locks was processed [] []
[2024-03-29T14:16:37.778345+00:00] main.INFO: Add of item with id Magento_Customer::customer was processed [] []
[2024-03-29T14:16:37.778408+00:00] main.INFO: Add of item with id Magento_Customer::customer_manage was processed [] []
[2024-03-29T14:16:37.778463+00:00] main.INFO: Add of item with id Magento_Customer::customer_online was processed [] []
[2024-03-29T14:16:37.778516+00:00] main.INFO: Add of item with id Magento_Customer::customer_group was processed [] []
[2024-03-29T14:16:37.778568+00:00] main.INFO: Add of item with id Magento_Backup::system_tools_backup was processed [] []
[2024-03-29T14:16:37.778626+00:00] main.INFO: Add of item with id Magento_Indexer::system_index was processed [] []
[2024-03-29T14:16:37.778678+00:00] main.INFO: Add of item with id Magento_Variable::system_variable was processed [] []
[2024-03-29T14:16:37.778764+00:00] main.INFO: Add of item with id Magento_Cms::cms_page was processed [] []
[2024-03-29T14:16:37.778821+00:00] main.INFO: Add of item with id Magento_Cms::cms_block was processed [] []
[2024-03-29T14:16:37.778881+00:00] main.INFO: Add of item with id Magento_Catalog::catalog was processed [] []
[2024-03-29T14:16:37.778941+00:00] main.INFO: Add of item with id Magento_Catalog::catalog_products was processed [] []
[2024-03-29T14:16:37.778997+00:00] main.INFO: Add of item with id Magento_Catalog::catalog_categories was processed [] []
[2024-03-29T14:16:37.779055+00:00] main.INFO: Add of item with id Magento_Catalog::catalog_attributes_attributes was processed [] []
[2024-03-29T14:16:37.779111+00:00] main.INFO: Add of item with id Magento_Catalog::catalog_attributes_sets was processed [] []
[2024-03-29T14:16:37.779175+00:00] main.INFO: Add of item with id Magento_Catalog::inventory was processed [] []
[2024-03-29T14:16:37.779235+00:00] main.INFO: Add of item with id Magento_Search::search_terms was processed [] []
[2024-03-29T14:16:37.779290+00:00] main.INFO: Add of item with id Magento_Search::search_synonyms was processed [] []
[2024-03-29T14:16:37.779344+00:00] main.INFO: Add of item with id Magento_CatalogRule::promo was processed [] []
[2024-03-29T14:16:37.779406+00:00] main.INFO: Add of item with id Magento_CatalogRule::promo_catalog was processed [] []
[2024-03-29T14:16:37.779461+00:00] main.INFO: Add of item with id Magento_Sales::sales was processed [] []
[2024-03-29T14:16:37.779521+00:00] main.INFO: Add of item with id Magento_Sales::sales_operation was processed [] []
[2024-03-29T14:16:37.779581+00:00] main.INFO: Add of item with id Magento_Sales::sales_order was processed [] []
[2024-03-29T14:16:37.779641+00:00] main.INFO: Add of item with id Magento_Sales::sales_invoice was processed [] []
[2024-03-29T14:16:37.779695+00:00] main.INFO: Add of item with id Magento_Sales::sales_shipment was processed [] []
[2024-03-29T14:16:37.779748+00:00] main.INFO: Add of item with id Magento_Sales::sales_creditmemo was processed [] []
[2024-03-29T14:16:37.779801+00:00] main.INFO: Add of item with id Magento_Sales::sales_transactions was processed [] []
[2024-03-29T14:16:37.779855+00:00] main.INFO: Add of item with id Magento_Sales::system_order_statuses was processed [] []
[2024-03-29T14:16:37.779913+00:00] main.INFO: Add of item with id Magento_MediaGalleryUi::media was processed [] []
[2024-03-29T14:16:37.779974+00:00] main.INFO: Add of item with id Magento_MediaGalleryUi::media_gallery was processed [] []
[2024-03-29T14:16:37.780035+00:00] main.INFO: Add of item with id Magento_Downloadable::report_products_downloads was processed [] []
[2024-03-29T14:16:37.780092+00:00] main.INFO: Add of item with id Magento_Integration::system_extensions was processed [] []
[2024-03-29T14:16:37.780158+00:00] main.INFO: Add of item with id Magento_Integration::system_integrations was processed [] []
[2024-03-29T14:16:37.780213+00:00] main.INFO: Add of item with id Magento_UrlRewrite::urlrewrite was processed [] []
[2024-03-29T14:16:37.780266+00:00] main.INFO: Add of item with id Magento_Tax::sales_tax was processed [] []
[2024-03-29T14:16:37.780325+00:00] main.INFO: Add of item with id Magento_Tax::sales_tax_rules was processed [] []
[2024-03-29T14:16:37.780386+00:00] main.INFO: Add of item with id Magento_Tax::sales_tax_rates was processed [] []
[2024-03-29T14:16:37.780439+00:00] main.INFO: Add of item with id Magento_Widget::cms_widget_instance was processed [] []
[2024-03-29T14:16:37.780500+00:00] main.INFO: Add of item with id Magento_Analytics::business_intelligence was processed [] []
[2024-03-29T14:16:37.780561+00:00] main.INFO: Add of item with id Magento_Analytics::advanced_reporting was processed [] []
[2024-03-29T14:16:37.780623+00:00] main.INFO: Add of item with id Magento_Analytics::bi_essentials was processed [] []
[2024-03-29T14:16:37.780682+00:00] main.INFO: Add of item with id Magento_ImportExport::system_convert_import was processed [] []
[2024-03-29T14:16:37.780738+00:00] main.INFO: Add of item with id Magento_ImportExport::system_convert_export was processed [] []
[2024-03-29T14:16:37.780792+00:00] main.INFO: Add of item with id Magento_ImportExport::system_convert_history was processed [] []
[2024-03-29T14:16:37.780856+00:00] main.INFO: Add of item with id Magento_Email::template was processed [] []
[2024-03-29T14:16:37.780911+00:00] main.INFO: Add of item with id Magento_EncryptionKey::system_crypt_key was processed [] []
[2024-03-29T14:16:37.780967+00:00] main.INFO: Add of item with id Magento_InventoryAdminUi::inventory was processed [] []
[2024-03-29T14:16:37.781027+00:00] main.INFO: Add of item with id Magento_InventoryAdminUi::source was processed [] []
[2024-03-29T14:16:37.781084+00:00] main.INFO: Add of item with id Magento_InventoryAdminUi::stock was processed [] []
[2024-03-29T14:16:37.781144+00:00] main.INFO: Add of item with id Magento_Reports::report was processed [] []
[2024-03-29T14:16:37.781199+00:00] main.INFO: Add of item with id Magento_Reports::report_marketing was processed [] []
[2024-03-29T14:16:37.781253+00:00] main.INFO: Add of item with id Magento_Reports::report_salesroot was processed [] []
[2024-03-29T14:16:37.781315+00:00] main.INFO: Add of item with id Magento_Reports::report_salesroot_sales was processed [] []
[2024-03-29T14:16:37.781375+00:00] main.INFO: Add of item with id Magento_Reports::report_salesroot_tax was processed [] []
[2024-03-29T14:16:37.781428+00:00] main.INFO: Add of item with id Magento_Reports::report_salesroot_invoiced was processed [] []
[2024-03-29T14:16:37.781481+00:00] main.INFO: Add of item with id Magento_Reports::report_salesroot_shipping was processed [] []
[2024-03-29T14:16:37.781534+00:00] main.INFO: Add of item with id Magento_Reports::report_salesroot_refunded was processed [] []
[2024-03-29T14:16:37.781592+00:00] main.INFO: Add of item with id Magento_Reports::report_salesroot_coupons was processed [] []
[2024-03-29T14:16:37.781650+00:00] main.INFO: Add of item with id Magento_Reports::report_shopcart_product was processed [] []
[2024-03-29T14:16:37.781706+00:00] main.INFO: Add of item with id Magento_Reports::report_shopcart_abandoned was processed [] []
[2024-03-29T14:16:37.781759+00:00] main.INFO: Add of item with id Magento_Reports::report_products was processed [] []
[2024-03-29T14:16:37.781820+00:00] main.INFO: Add of item with id Magento_Reports::report_products_bestsellers was processed [] []
[2024-03-29T14:16:37.781873+00:00] main.INFO: Add of item with id Magento_Reports::report_products_sold was processed [] []
[2024-03-29T14:16:37.781925+00:00] main.INFO: Add of item with id Magento_Reports::report_products_viewed was processed [] []
[2024-03-29T14:16:37.781978+00:00] main.INFO: Add of item with id Magento_Reports::report_products_lowstock was processed [] []
[2024-03-29T14:16:37.782038+00:00] main.INFO: Add of item with id Magento_Reports::report_customers was processed [] []
[2024-03-29T14:16:37.782097+00:00] main.INFO: Add of item with id Magento_Reports::report_customers_accounts was processed [] []
[2024-03-29T14:16:37.782152+00:00] main.INFO: Add of item with id Magento_Reports::report_customers_totals was processed [] []
[2024-03-29T14:16:37.782206+00:00] main.INFO: Add of item with id Magento_Reports::report_customers_orders was processed [] []
[2024-03-29T14:16:37.782264+00:00] main.INFO: Add of item with id Magento_Reports::report_statistics was processed [] []
[2024-03-29T14:16:37.782323+00:00] main.INFO: Add of item with id Magento_Reports::report_statistics_refresh was processed [] []
[2024-03-29T14:16:37.782378+00:00] main.INFO: Add of item with id Magento_Search::report_search_term was processed [] []
[2024-03-29T14:16:37.782431+00:00] main.INFO: Add of item with id Magento_LoginAsCustomerLog::login_log was processed [] []
[2024-03-29T14:16:37.782489+00:00] main.INFO: Add of item with id Magento_Marketplace::partners was processed [] []
[2024-03-29T14:16:37.782543+00:00] main.INFO: Add of item with id Magento_Newsletter::newsletter_template was processed [] []
[2024-03-29T14:16:37.782596+00:00] main.INFO: Add of item with id Magento_Newsletter::newsletter_queue was processed [] []
[2024-03-29T14:16:37.782649+00:00] main.INFO: Add of item with id Magento_Newsletter::newsletter_subscriber was processed [] []
[2024-03-29T14:16:37.782719+00:00] main.INFO: Add of item with id Magento_Newsletter::newsletter_problem was processed [] []
[2024-03-29T14:16:37.782774+00:00] main.INFO: Add of item with id Magento_SalesRule::promo_quote was processed [] []
[2024-03-29T14:16:37.782830+00:00] main.INFO: Add of item with id Magento_Sitemap::catalog_sitemap was processed [] []
[2024-03-29T14:16:37.782883+00:00] main.INFO: Add of item with id Magento_PageBuilder::templates was processed [] []
[2024-03-29T14:16:37.782931+00:00] main.INFO: Add of item with id Magento_Paypal::report_salesroot_paypal_settlement_reports was processed [] []
[2024-03-29T14:16:37.782985+00:00] main.INFO: Add of item with id Magento_Paypal::paypal_billing_agreement was processed [] []
[2024-03-29T14:16:37.783034+00:00] main.INFO: Add of item with id Magento_Review::catalog_reviews_ratings_ratings was processed [] []
[2024-03-29T14:16:37.783088+00:00] main.INFO: Add of item with id Magento_Review::catalog_reviews_ratings_pending was processed [] []
[2024-03-29T14:16:37.783138+00:00] main.INFO: Add of item with id Magento_Review::catalog_reviews_ratings_reviews_all was processed [] []
[2024-03-29T14:16:37.783192+00:00] main.INFO: Add of item with id Magento_Review::report_review was processed [] []
[2024-03-29T14:16:37.783246+00:00] main.INFO: Add of item with id Magento_Review::report_review_customer was processed [] []
[2024-03-29T14:16:37.783296+00:00] main.INFO: Add of item with id Magento_Review::report_review_product was processed [] []
[2024-03-29T14:16:37.783345+00:00] main.INFO: Add of item with id Magento_CheckoutAgreements::sales_checkoutagreement was processed [] []
[2024-03-29T14:16:37.783397+00:00] main.INFO: Add of item with id Magento_TaxImportExport::system_convert_tax was processed [] []
[2024-03-29T14:16:37.783445+00:00] main.INFO: Add of item with id Magento_AsynchronousOperations::system_magento_logging was processed [] []
[2024-03-29T14:16:37.783498+00:00] main.INFO: Add of item with id Magento_AsynchronousOperations::system_magento_logging_bulk_operations was processed [] []
[2024-03-29T14:16:37.783553+00:00] main.INFO: Add of item with id Magento_CurrencySymbol::system_currency was processed [] []
[2024-03-29T14:16:37.783607+00:00] main.INFO: Add of item with id Magento_CurrencySymbol::system_currency_rates was processed [] []
[2024-03-29T14:16:37.783657+00:00] main.INFO: Add of item with id Magento_CurrencySymbol::system_currency_symbols was processed [] []
[2024-03-29T14:16:37.783706+00:00] main.INFO: Add of item with id PayPal_Braintree::settlement_report was processed [] []
[2024-03-29T14:16:37.783760+00:00] main.INFO: Add of item with id PayPal_Braintree::virtual_terminal was processed [] []
[2024-03-31T06:05:59.250491+00:00] main.ERROR: The configuration file has changed. Run the "app:config:import" or the "setup:upgrade" command to synchronize the configuration. [] []
[2024-03-31T06:06:08.685558+00:00] main.ERROR: The configuration file has changed. Run the "app:config:import" or the "setup:upgrade" command to synchronize the configuration. [] []
[2024-03-31T06:06:14.551283+00:00] main.ERROR: The configuration file has changed. Run the "app:config:import" or the "setup:upgrade" command to synchronize the configuration. [] []
